The system is: Linux - 3.12.8-1-ARCH - x86_64
Compiling the C compiler identification source file "CMakeCCompilerId.c" succeeded.
Compiler: /usr/bin/clang 
Build flags: 
Id flags: 

The output was:
0


Compilation of the C compiler identification source "CMakeCCompilerId.c" produced "a.out"

The C compiler identification is Clang, found in "/home/neil/Development/openGL/build/CMakeFiles/2.8.12.1/CompilerIdC/a.out"

Compiling the CXX compiler identification source file "CMakeCXXCompilerId.cpp" succeeded.
Compiler: /usr/bin/clang++ 
Build flags: 
Id flags: 

The output was:
0


Compilation of the CXX compiler identification source "CMakeCXXCompilerId.cpp" produced "a.out"

The CXX compiler identification is Clang, found in "/home/neil/Development/openGL/build/CMakeFiles/2.8.12.1/CompilerIdCXX/a.out"

Determining if the C compiler works passed with the following output:
Change Dir: /home/neil/Development/openGL/build/CMakeFiles/CMakeTmp

Run Build Command:/usr/bin/make "cmTryCompileExec3701787598/fast"
/usr/bin/make -f CMakeFiles/cmTryCompileExec3701787598.dir/build.make CMakeFiles/cmTryCompileExec3701787598.dir/build
make[1]: Entering directory '/home/neil/Development/openGL/build/CMakeFiles/CMakeTmp'
/usr/bin/cmake -E cmake_progress_report /home/neil/Development/openGL/build/CMakeFiles/CMakeTmp/CMakeFiles 1
Building C object CMakeFiles/cmTryCompileExec3701787598.dir/testCCompiler.c.o
/usr/bin/clang    -o CMakeFiles/cmTryCompileExec3701787598.dir/testCCompiler.c.o   -c /home/neil/Development/openGL/build/CMakeFiles/CMakeTmp/testCCompiler.c
Linking C executable cmTryCompileExec3701787598
/usr/bin/cmake -E cmake_link_script CMakeFiles/cmTryCompileExec3701787598.dir/link.txt --verbose=1
/usr/bin/clang       CMakeFiles/cmTryCompileExec3701787598.dir/testCCompiler.c.o  -o cmTryCompileExec3701787598 -rdynamic 
make[1]: Leaving directory '/home/neil/Development/openGL/build/CMakeFiles/CMakeTmp'


Detecting C compiler ABI info compiled with the following output:
Change Dir: /home/neil/Development/openGL/build/CMakeFiles/CMakeTmp

Run Build Command:/usr/bin/make "cmTryCompileExec5532623/fast"
/usr/bin/make -f CMakeFiles/cmTryCompileExec5532623.dir/build.make CMakeFiles/cmTryCompileExec5532623.dir/build
make[1]: Entering directory '/home/neil/Development/openGL/build/CMakeFiles/CMakeTmp'
/usr/bin/cmake -E cmake_progress_report /home/neil/Development/openGL/build/CMakeFiles/CMakeTmp/CMakeFiles 1
Building C object CMakeFiles/cmTryCompileExec5532623.dir/CMakeCCompilerABI.c.o
/usr/bin/clang    -o CMakeFiles/cmTryCompileExec5532623.dir/CMakeCCompilerABI.c.o   -c /usr/share/cmake-2.8/Modules/CMakeCCompilerABI.c
Linking C executable cmTryCompileExec5532623
/usr/bin/cmake -E cmake_link_script CMakeFiles/cmTryCompileExec5532623.dir/link.txt --verbose=1
/usr/bin/clang     -v CMakeFiles/cmTryCompileExec5532623.dir/CMakeCCompilerABI.c.o  -o cmTryCompileExec5532623 -rdynamic  
clang version 3.4 (tags/RELEASE_34/final)
Target: x86_64-unknown-linux-gnu
Thread model: posix
Found candidate GCC installation: /usr/bin/../lib/gcc/x86_64-unknown-linux-gnu/4.8.2
Found candidate GCC installation: /usr/bin/../lib64/gcc/x86_64-unknown-linux-gnu/4.8.2
Found candidate GCC installation: /usr/lib/gcc/x86_64-unknown-linux-gnu/4.8.2
Found candidate GCC installation: /usr/lib64/gcc/x86_64-unknown-linux-gnu/4.8.2
Selected GCC installation: /usr/bin/../lib64/gcc/x86_64-unknown-linux-gnu/4.8.2
 "/usr/bin/ld.gold" -export-dynamic --eh-frame-hdr -m elf_x86_64 -dynamic-linker /lib64/ld-linux-x86-64.so.2 -o cmTryCompileExec5532623 /usr/bin/../lib64/gcc/x86_64-unknown-linux-gnu/4.8.2/../../../../lib64/crt1.o /usr/bin/../lib64/gcc/x86_64-unknown-linux-gnu/4.8.2/../../../../lib64/crti.o /usr/bin/../lib64/gcc/x86_64-unknown-linux-gnu/4.8.2/crtbegin.o -L/usr/bin/../lib64/gcc/x86_64-unknown-linux-gnu/4.8.2 -L/usr/bin/../lib64/gcc/x86_64-unknown-linux-gnu/4.8.2/../../../../lib64 -L/lib/../lib64 -L/usr/lib/../lib64 -L/usr/bin/../lib64/gcc/x86_64-unknown-linux-gnu/4.8.2/../../.. -L/lib -L/usr/lib CMakeFiles/cmTryCompileExec5532623.dir/CMakeCCompilerABI.c.o -lgcc --as-needed -lgcc_s --no-as-needed -lc -lgcc --as-needed -lgcc_s --no-as-needed /usr/bin/../lib64/gcc/x86_64-unknown-linux-gnu/4.8.2/crtend.o /usr/bin/../lib64/gcc/x86_64-unknown-linux-gnu/4.8.2/../../../../lib64/crtn.o
make[1]: Leaving directory '/home/neil/Development/openGL/build/CMakeFiles/CMakeTmp'


Parsed C implicit link information from above output:
  link line regex: [^( *|.*[/\])(ld|([^/\]+-)?ld|collect2)[^/\]*( |$)]
  ignore line: [Change Dir: /home/neil/Development/openGL/build/CMakeFiles/CMakeTmp]
  ignore line: []
  ignore line: [Run Build Command:/usr/bin/make "cmTryCompileExec5532623/fast"]
  ignore line: [/usr/bin/make -f CMakeFiles/cmTryCompileExec5532623.dir/build.make CMakeFiles/cmTryCompileExec5532623.dir/build]
  ignore line: [make[1]: Entering directory '/home/neil/Development/openGL/build/CMakeFiles/CMakeTmp']
  ignore line: [/usr/bin/cmake -E cmake_progress_report /home/neil/Development/openGL/build/CMakeFiles/CMakeTmp/CMakeFiles 1]
  ignore line: [Building C object CMakeFiles/cmTryCompileExec5532623.dir/CMakeCCompilerABI.c.o]
  ignore line: [/usr/bin/clang    -o CMakeFiles/cmTryCompileExec5532623.dir/CMakeCCompilerABI.c.o   -c /usr/share/cmake-2.8/Modules/CMakeCCompilerABI.c]
  ignore line: [Linking C executable cmTryCompileExec5532623]
  ignore line: [/usr/bin/cmake -E cmake_link_script CMakeFiles/cmTryCompileExec5532623.dir/link.txt --verbose=1]
  ignore line: [/usr/bin/clang     -v CMakeFiles/cmTryCompileExec5532623.dir/CMakeCCompilerABI.c.o  -o cmTryCompileExec5532623 -rdynamic  ]
  ignore line: [clang version 3.4 (tags/RELEASE_34/final)]
  ignore line: [Target: x86_64-unknown-linux-gnu]
  ignore line: [Thread model: posix]
  ignore line: [Found candidate GCC installation: /usr/bin/../lib/gcc/x86_64-unknown-linux-gnu/4.8.2]
  ignore line: [Found candidate GCC installation: /usr/bin/../lib64/gcc/x86_64-unknown-linux-gnu/4.8.2]
  ignore line: [Found candidate GCC installation: /usr/lib/gcc/x86_64-unknown-linux-gnu/4.8.2]
  ignore line: [Found candidate GCC installation: /usr/lib64/gcc/x86_64-unknown-linux-gnu/4.8.2]
  ignore line: [Selected GCC installation: /usr/bin/../lib64/gcc/x86_64-unknown-linux-gnu/4.8.2]
  link line: [ "/usr/bin/ld.gold" -export-dynamic --eh-frame-hdr -m elf_x86_64 -dynamic-linker /lib64/ld-linux-x86-64.so.2 -o cmTryCompileExec5532623 /usr/bin/../lib64/gcc/x86_64-unknown-linux-gnu/4.8.2/../../../../lib64/crt1.o /usr/bin/../lib64/gcc/x86_64-unknown-linux-gnu/4.8.2/../../../../lib64/crti.o /usr/bin/../lib64/gcc/x86_64-unknown-linux-gnu/4.8.2/crtbegin.o -L/usr/bin/../lib64/gcc/x86_64-unknown-linux-gnu/4.8.2 -L/usr/bin/../lib64/gcc/x86_64-unknown-linux-gnu/4.8.2/../../../../lib64 -L/lib/../lib64 -L/usr/lib/../lib64 -L/usr/bin/../lib64/gcc/x86_64-unknown-linux-gnu/4.8.2/../../.. -L/lib -L/usr/lib CMakeFiles/cmTryCompileExec5532623.dir/CMakeCCompilerABI.c.o -lgcc --as-needed -lgcc_s --no-as-needed -lc -lgcc --as-needed -lgcc_s --no-as-needed /usr/bin/../lib64/gcc/x86_64-unknown-linux-gnu/4.8.2/crtend.o /usr/bin/../lib64/gcc/x86_64-unknown-linux-gnu/4.8.2/../../../../lib64/crtn.o]
    arg [/usr/bin/ld.gold] ==> ignore
    arg [-export-dynamic] ==> ignore
    arg [--eh-frame-hdr] ==> ignore
    arg [-m] ==> ignore
    arg [elf_x86_64] ==> ignore
    arg [-dynamic-linker] ==> ignore
    arg [/lib64/ld-linux-x86-64.so.2] ==> ignore
    arg [-o] ==> ignore
    arg [cmTryCompileExec5532623] ==> ignore
    arg [/usr/bin/../lib64/gcc/x86_64-unknown-linux-gnu/4.8.2/../../../../lib64/crt1.o] ==> ignore
    arg [/usr/bin/../lib64/gcc/x86_64-unknown-linux-gnu/4.8.2/../../../../lib64/crti.o] ==> ignore
    arg [/usr/bin/../lib64/gcc/x86_64-unknown-linux-gnu/4.8.2/crtbegin.o] ==> ignore
    arg [-L/usr/bin/../lib64/gcc/x86_64-unknown-linux-gnu/4.8.2] ==> dir [/usr/bin/../lib64/gcc/x86_64-unknown-linux-gnu/4.8.2]
    arg [-L/usr/bin/../lib64/gcc/x86_64-unknown-linux-gnu/4.8.2/../../../../lib64] ==> dir [/usr/bin/../lib64/gcc/x86_64-unknown-linux-gnu/4.8.2/../../../../lib64]
    arg [-L/lib/../lib64] ==> dir [/lib/../lib64]
    arg [-L/usr/lib/../lib64] ==> dir [/usr/lib/../lib64]
    arg [-L/usr/bin/../lib64/gcc/x86_64-unknown-linux-gnu/4.8.2/../../..] ==> dir [/usr/bin/../lib64/gcc/x86_64-unknown-linux-gnu/4.8.2/../../..]
    arg [-L/lib] ==> dir [/lib]
    arg [-L/usr/lib] ==> dir [/usr/lib]
    arg [CMakeFiles/cmTryCompileExec5532623.dir/CMakeCCompilerABI.c.o] ==> ignore
    arg [-lgcc] ==> lib [gcc]
    arg [--as-needed] ==> ignore
    arg [-lgcc_s] ==> lib [gcc_s]
    arg [--no-as-needed] ==> ignore
    arg [-lc] ==> lib [c]
    arg [-lgcc] ==> lib [gcc]
    arg [--as-needed] ==> ignore
    arg [-lgcc_s] ==> lib [gcc_s]
    arg [--no-as-needed] ==> ignore
    arg [/usr/bin/../lib64/gcc/x86_64-unknown-linux-gnu/4.8.2/crtend.o] ==> ignore
    arg [/usr/bin/../lib64/gcc/x86_64-unknown-linux-gnu/4.8.2/../../../../lib64/crtn.o] ==> ignore
  remove lib [gcc]
  remove lib [gcc_s]
  remove lib [gcc]
  remove lib [gcc_s]
  collapse library dir [/usr/bin/../lib64/gcc/x86_64-unknown-linux-gnu/4.8.2] ==> [/usr/lib64/gcc/x86_64-unknown-linux-gnu/4.8.2]
  collapse library dir [/usr/bin/../lib64/gcc/x86_64-unknown-linux-gnu/4.8.2/../../../../lib64] ==> [/usr/lib64]
  collapse library dir [/lib/../lib64] ==> [/lib64]
  collapse library dir [/usr/lib/../lib64] ==> [/usr/lib64]
  collapse library dir [/usr/bin/../lib64/gcc/x86_64-unknown-linux-gnu/4.8.2/../../..] ==> [/usr/lib64]
  collapse library dir [/lib] ==> [/lib]
  collapse library dir [/usr/lib] ==> [/usr/lib]
  implicit libs: [c]
  implicit dirs: [/usr/lib64/gcc/x86_64-unknown-linux-gnu/4.8.2;/usr/lib64;/lib64;/lib;/usr/lib]
  implicit fwks: []


Determining if the CXX compiler works passed with the following output:
Change Dir: /home/neil/Development/openGL/build/CMakeFiles/CMakeTmp

Run Build Command:/usr/bin/make "cmTryCompileExec652933968/fast"
/usr/bin/make -f CMakeFiles/cmTryCompileExec652933968.dir/build.make CMakeFiles/cmTryCompileExec652933968.dir/build
make[1]: Entering directory '/home/neil/Development/openGL/build/CMakeFiles/CMakeTmp'
/usr/bin/cmake -E cmake_progress_report /home/neil/Development/openGL/build/CMakeFiles/CMakeTmp/CMakeFiles 1
Building CXX object CMakeFiles/cmTryCompileExec652933968.dir/testCXXCompiler.cxx.o
/usr/bin/clang++     -o CMakeFiles/cmTryCompileExec652933968.dir/testCXXCompiler.cxx.o -c /home/neil/Development/openGL/build/CMakeFiles/CMakeTmp/testCXXCompiler.cxx
Linking CXX executable cmTryCompileExec652933968
/usr/bin/cmake -E cmake_link_script CMakeFiles/cmTryCompileExec652933968.dir/link.txt --verbose=1
/usr/bin/clang++        CMakeFiles/cmTryCompileExec652933968.dir/testCXXCompiler.cxx.o  -o cmTryCompileExec652933968 -rdynamic 
make[1]: Leaving directory '/home/neil/Development/openGL/build/CMakeFiles/CMakeTmp'


Detecting CXX compiler ABI info compiled with the following output:
Change Dir: /home/neil/Development/openGL/build/CMakeFiles/CMakeTmp

Run Build Command:/usr/bin/make "cmTryCompileExec3993959381/fast"
/usr/bin/make -f CMakeFiles/cmTryCompileExec3993959381.dir/build.make CMakeFiles/cmTryCompileExec3993959381.dir/build
make[1]: Entering directory '/home/neil/Development/openGL/build/CMakeFiles/CMakeTmp'
/usr/bin/cmake -E cmake_progress_report /home/neil/Development/openGL/build/CMakeFiles/CMakeTmp/CMakeFiles 1
Building CXX object CMakeFiles/cmTryCompileExec3993959381.dir/CMakeCXXCompilerABI.cpp.o
/usr/bin/clang++     -o CMakeFiles/cmTryCompileExec3993959381.dir/CMakeCXXCompilerABI.cpp.o -c /usr/share/cmake-2.8/Modules/CMakeCXXCompilerABI.cpp
Linking CXX executable cmTryCompileExec3993959381
/usr/bin/cmake -E cmake_link_script CMakeFiles/cmTryCompileExec3993959381.dir/link.txt --verbose=1
/usr/bin/clang++      -v CMakeFiles/cmTryCompileExec3993959381.dir/CMakeCXXCompilerABI.cpp.o  -o cmTryCompileExec3993959381 -rdynamic  
clang version 3.4 (tags/RELEASE_34/final)
Target: x86_64-unknown-linux-gnu
Thread model: posix
Found candidate GCC installation: /usr/bin/../lib/gcc/x86_64-unknown-linux-gnu/4.8.2
Found candidate GCC installation: /usr/bin/../lib64/gcc/x86_64-unknown-linux-gnu/4.8.2
Found candidate GCC installation: /usr/lib/gcc/x86_64-unknown-linux-gnu/4.8.2
Found candidate GCC installation: /usr/lib64/gcc/x86_64-unknown-linux-gnu/4.8.2
Selected GCC installation: /usr/bin/../lib64/gcc/x86_64-unknown-linux-gnu/4.8.2
 "/usr/bin/ld.gold" -export-dynamic --eh-frame-hdr -m elf_x86_64 -dynamic-linker /lib64/ld-linux-x86-64.so.2 -o cmTryCompileExec3993959381 /usr/bin/../lib64/gcc/x86_64-unknown-linux-gnu/4.8.2/../../../../lib64/crt1.o /usr/bin/../lib64/gcc/x86_64-unknown-linux-gnu/4.8.2/../../../../lib64/crti.o /usr/bin/../lib64/gcc/x86_64-unknown-linux-gnu/4.8.2/crtbegin.o -L/usr/bin/../lib64/gcc/x86_64-unknown-linux-gnu/4.8.2 -L/usr/bin/../lib64/gcc/x86_64-unknown-linux-gnu/4.8.2/../../../../lib64 -L/lib/../lib64 -L/usr/lib/../lib64 -L/usr/bin/../lib64/gcc/x86_64-unknown-linux-gnu/4.8.2/../../.. -L/lib -L/usr/lib CMakeFiles/cmTryCompileExec3993959381.dir/CMakeCXXCompilerABI.cpp.o -lstdc++ -lm -lgcc_s -lgcc -lc -lgcc_s -lgcc /usr/bin/../lib64/gcc/x86_64-unknown-linux-gnu/4.8.2/crtend.o /usr/bin/../lib64/gcc/x86_64-unknown-linux-gnu/4.8.2/../../../../lib64/crtn.o
make[1]: Leaving directory '/home/neil/Development/openGL/build/CMakeFiles/CMakeTmp'


Parsed CXX implicit link information from above output:
  link line regex: [^( *|.*[/\])(ld|([^/\]+-)?ld|collect2)[^/\]*( |$)]
  ignore line: [Change Dir: /home/neil/Development/openGL/build/CMakeFiles/CMakeTmp]
  ignore line: []
  ignore line: [Run Build Command:/usr/bin/make "cmTryCompileExec3993959381/fast"]
  ignore line: [/usr/bin/make -f CMakeFiles/cmTryCompileExec3993959381.dir/build.make CMakeFiles/cmTryCompileExec3993959381.dir/build]
  ignore line: [make[1]: Entering directory '/home/neil/Development/openGL/build/CMakeFiles/CMakeTmp']
  ignore line: [/usr/bin/cmake -E cmake_progress_report /home/neil/Development/openGL/build/CMakeFiles/CMakeTmp/CMakeFiles 1]
  ignore line: [Building CXX object CMakeFiles/cmTryCompileExec3993959381.dir/CMakeCXXCompilerABI.cpp.o]
  ignore line: [/usr/bin/clang++     -o CMakeFiles/cmTryCompileExec3993959381.dir/CMakeCXXCompilerABI.cpp.o -c /usr/share/cmake-2.8/Modules/CMakeCXXCompilerABI.cpp]
  ignore line: [Linking CXX executable cmTryCompileExec3993959381]
  ignore line: [/usr/bin/cmake -E cmake_link_script CMakeFiles/cmTryCompileExec3993959381.dir/link.txt --verbose=1]
  ignore line: [/usr/bin/clang++      -v CMakeFiles/cmTryCompileExec3993959381.dir/CMakeCXXCompilerABI.cpp.o  -o cmTryCompileExec3993959381 -rdynamic  ]
  ignore line: [clang version 3.4 (tags/RELEASE_34/final)]
  ignore line: [Target: x86_64-unknown-linux-gnu]
  ignore line: [Thread model: posix]
  ignore line: [Found candidate GCC installation: /usr/bin/../lib/gcc/x86_64-unknown-linux-gnu/4.8.2]
  ignore line: [Found candidate GCC installation: /usr/bin/../lib64/gcc/x86_64-unknown-linux-gnu/4.8.2]
  ignore line: [Found candidate GCC installation: /usr/lib/gcc/x86_64-unknown-linux-gnu/4.8.2]
  ignore line: [Found candidate GCC installation: /usr/lib64/gcc/x86_64-unknown-linux-gnu/4.8.2]
  ignore line: [Selected GCC installation: /usr/bin/../lib64/gcc/x86_64-unknown-linux-gnu/4.8.2]
  link line: [ "/usr/bin/ld.gold" -export-dynamic --eh-frame-hdr -m elf_x86_64 -dynamic-linker /lib64/ld-linux-x86-64.so.2 -o cmTryCompileExec3993959381 /usr/bin/../lib64/gcc/x86_64-unknown-linux-gnu/4.8.2/../../../../lib64/crt1.o /usr/bin/../lib64/gcc/x86_64-unknown-linux-gnu/4.8.2/../../../../lib64/crti.o /usr/bin/../lib64/gcc/x86_64-unknown-linux-gnu/4.8.2/crtbegin.o -L/usr/bin/../lib64/gcc/x86_64-unknown-linux-gnu/4.8.2 -L/usr/bin/../lib64/gcc/x86_64-unknown-linux-gnu/4.8.2/../../../../lib64 -L/lib/../lib64 -L/usr/lib/../lib64 -L/usr/bin/../lib64/gcc/x86_64-unknown-linux-gnu/4.8.2/../../.. -L/lib -L/usr/lib CMakeFiles/cmTryCompileExec3993959381.dir/CMakeCXXCompilerABI.cpp.o -lstdc++ -lm -lgcc_s -lgcc -lc -lgcc_s -lgcc /usr/bin/../lib64/gcc/x86_64-unknown-linux-gnu/4.8.2/crtend.o /usr/bin/../lib64/gcc/x86_64-unknown-linux-gnu/4.8.2/../../../../lib64/crtn.o]
    arg [/usr/bin/ld.gold] ==> ignore
    arg [-export-dynamic] ==> ignore
    arg [--eh-frame-hdr] ==> ignore
    arg [-m] ==> ignore
    arg [elf_x86_64] ==> ignore
    arg [-dynamic-linker] ==> ignore
    arg [/lib64/ld-linux-x86-64.so.2] ==> ignore
    arg [-o] ==> ignore
    arg [cmTryCompileExec3993959381] ==> ignore
    arg [/usr/bin/../lib64/gcc/x86_64-unknown-linux-gnu/4.8.2/../../../../lib64/crt1.o] ==> ignore
    arg [/usr/bin/../lib64/gcc/x86_64-unknown-linux-gnu/4.8.2/../../../../lib64/crti.o] ==> ignore
    arg [/usr/bin/../lib64/gcc/x86_64-unknown-linux-gnu/4.8.2/crtbegin.o] ==> ignore
    arg [-L/usr/bin/../lib64/gcc/x86_64-unknown-linux-gnu/4.8.2] ==> dir [/usr/bin/../lib64/gcc/x86_64-unknown-linux-gnu/4.8.2]
    arg [-L/usr/bin/../lib64/gcc/x86_64-unknown-linux-gnu/4.8.2/../../../../lib64] ==> dir [/usr/bin/../lib64/gcc/x86_64-unknown-linux-gnu/4.8.2/../../../../lib64]
    arg [-L/lib/../lib64] ==> dir [/lib/../lib64]
    arg [-L/usr/lib/../lib64] ==> dir [/usr/lib/../lib64]
    arg [-L/usr/bin/../lib64/gcc/x86_64-unknown-linux-gnu/4.8.2/../../..] ==> dir [/usr/bin/../lib64/gcc/x86_64-unknown-linux-gnu/4.8.2/../../..]
    arg [-L/lib] ==> dir [/lib]
    arg [-L/usr/lib] ==> dir [/usr/lib]
    arg [CMakeFiles/cmTryCompileExec3993959381.dir/CMakeCXXCompilerABI.cpp.o] ==> ignore
    arg [-lstdc++] ==> lib [stdc++]
    arg [-lm] ==> lib [m]
    arg [-lgcc_s] ==> lib [gcc_s]
    arg [-lgcc] ==> lib [gcc]
    arg [-lc] ==> lib [c]
    arg [-lgcc_s] ==> lib [gcc_s]
    arg [-lgcc] ==> lib [gcc]
    arg [/usr/bin/../lib64/gcc/x86_64-unknown-linux-gnu/4.8.2/crtend.o] ==> ignore
    arg [/usr/bin/../lib64/gcc/x86_64-unknown-linux-gnu/4.8.2/../../../../lib64/crtn.o] ==> ignore
  remove lib [gcc_s]
  remove lib [gcc]
  remove lib [gcc_s]
  remove lib [gcc]
  collapse library dir [/usr/bin/../lib64/gcc/x86_64-unknown-linux-gnu/4.8.2] ==> [/usr/lib64/gcc/x86_64-unknown-linux-gnu/4.8.2]
  collapse library dir [/usr/bin/../lib64/gcc/x86_64-unknown-linux-gnu/4.8.2/../../../../lib64] ==> [/usr/lib64]
  collapse library dir [/lib/../lib64] ==> [/lib64]
  collapse library dir [/usr/lib/../lib64] ==> [/usr/lib64]
  collapse library dir [/usr/bin/../lib64/gcc/x86_64-unknown-linux-gnu/4.8.2/../../..] ==> [/usr/lib64]
  collapse library dir [/lib] ==> [/lib]
  collapse library dir [/usr/lib] ==> [/usr/lib]
  implicit libs: [stdc++;m;c]
  implicit dirs: [/usr/lib64/gcc/x86_64-unknown-linux-gnu/4.8.2;/usr/lib64;/lib64;/lib;/usr/lib]
  implicit fwks: []


Determining if the function XOpenDisplay exists in the /usr/lib64/libX11.so;/usr/lib64/libXext.so passed with the following output:
Change Dir: /home/neil/Development/openGL/build/CMakeFiles/CMakeTmp

Run Build Command:/usr/bin/make "cmTryCompileExec256185822/fast"
/usr/bin/make -f CMakeFiles/cmTryCompileExec256185822.dir/build.make CMakeFiles/cmTryCompileExec256185822.dir/build
make[1]: Entering directory '/home/neil/Development/openGL/build/CMakeFiles/CMakeTmp'
/usr/bin/cmake -E cmake_progress_report /home/neil/Development/openGL/build/CMakeFiles/CMakeTmp/CMakeFiles 1
Building C object CMakeFiles/cmTryCompileExec256185822.dir/CheckFunctionExists.c.o
/usr/bin/clang   -DCHECK_FUNCTION_EXISTS=XOpenDisplay   -o CMakeFiles/cmTryCompileExec256185822.dir/CheckFunctionExists.c.o   -c /usr/share/cmake-2.8/Modules/CheckFunctionExists.c
Linking C executable cmTryCompileExec256185822
/usr/bin/cmake -E cmake_link_script CMakeFiles/cmTryCompileExec256185822.dir/link.txt --verbose=1
/usr/bin/clang   -DCHECK_FUNCTION_EXISTS=XOpenDisplay    CMakeFiles/cmTryCompileExec256185822.dir/CheckFunctionExists.c.o  -o cmTryCompileExec256185822 -rdynamic -lX11 -lXext 
make[1]: Leaving directory '/home/neil/Development/openGL/build/CMakeFiles/CMakeTmp'


Determining if the function gethostbyname exists passed with the following output:
Change Dir: /home/neil/Development/openGL/build/CMakeFiles/CMakeTmp

Run Build Command:/usr/bin/make "cmTryCompileExec125138707/fast"
/usr/bin/make -f CMakeFiles/cmTryCompileExec125138707.dir/build.make CMakeFiles/cmTryCompileExec125138707.dir/build
make[1]: Entering directory '/home/neil/Development/openGL/build/CMakeFiles/CMakeTmp'
/usr/bin/cmake -E cmake_progress_report /home/neil/Development/openGL/build/CMakeFiles/CMakeTmp/CMakeFiles 1
Building C object CMakeFiles/cmTryCompileExec125138707.dir/CheckFunctionExists.c.o
/usr/bin/clang   -DCHECK_FUNCTION_EXISTS=gethostbyname   -o CMakeFiles/cmTryCompileExec125138707.dir/CheckFunctionExists.c.o   -c /usr/share/cmake-2.8/Modules/CheckFunctionExists.c
Linking C executable cmTryCompileExec125138707
/usr/bin/cmake -E cmake_link_script CMakeFiles/cmTryCompileExec125138707.dir/link.txt --verbose=1
/usr/bin/clang   -DCHECK_FUNCTION_EXISTS=gethostbyname    CMakeFiles/cmTryCompileExec125138707.dir/CheckFunctionExists.c.o  -o cmTryCompileExec125138707 -rdynamic 
make[1]: Leaving directory '/home/neil/Development/openGL/build/CMakeFiles/CMakeTmp'


Determining if the function connect exists passed with the following output:
Change Dir: /home/neil/Development/openGL/build/CMakeFiles/CMakeTmp

Run Build Command:/usr/bin/make "cmTryCompileExec1003418133/fast"
/usr/bin/make -f CMakeFiles/cmTryCompileExec1003418133.dir/build.make CMakeFiles/cmTryCompileExec1003418133.dir/build
make[1]: Entering directory '/home/neil/Development/openGL/build/CMakeFiles/CMakeTmp'
/usr/bin/cmake -E cmake_progress_report /home/neil/Development/openGL/build/CMakeFiles/CMakeTmp/CMakeFiles 1
Building C object CMakeFiles/cmTryCompileExec1003418133.dir/CheckFunctionExists.c.o
/usr/bin/clang   -DCHECK_FUNCTION_EXISTS=connect   -o CMakeFiles/cmTryCompileExec1003418133.dir/CheckFunctionExists.c.o   -c /usr/share/cmake-2.8/Modules/CheckFunctionExists.c
Linking C executable cmTryCompileExec1003418133
/usr/bin/cmake -E cmake_link_script CMakeFiles/cmTryCompileExec1003418133.dir/link.txt --verbose=1
/usr/bin/clang   -DCHECK_FUNCTION_EXISTS=connect    CMakeFiles/cmTryCompileExec1003418133.dir/CheckFunctionExists.c.o  -o cmTryCompileExec1003418133 -rdynamic 
make[1]: Leaving directory '/home/neil/Development/openGL/build/CMakeFiles/CMakeTmp'


Determining if the function remove exists passed with the following output:
Change Dir: /home/neil/Development/openGL/build/CMakeFiles/CMakeTmp

Run Build Command:/usr/bin/make "cmTryCompileExec1989424814/fast"
/usr/bin/make -f CMakeFiles/cmTryCompileExec1989424814.dir/build.make CMakeFiles/cmTryCompileExec1989424814.dir/build
make[1]: Entering directory '/home/neil/Development/openGL/build/CMakeFiles/CMakeTmp'
/usr/bin/cmake -E cmake_progress_report /home/neil/Development/openGL/build/CMakeFiles/CMakeTmp/CMakeFiles 1
Building C object CMakeFiles/cmTryCompileExec1989424814.dir/CheckFunctionExists.c.o
/usr/bin/clang   -DCHECK_FUNCTION_EXISTS=remove   -o CMakeFiles/cmTryCompileExec1989424814.dir/CheckFunctionExists.c.o   -c /usr/share/cmake-2.8/Modules/CheckFunctionExists.c
Linking C executable cmTryCompileExec1989424814
/usr/bin/cmake -E cmake_link_script CMakeFiles/cmTryCompileExec1989424814.dir/link.txt --verbose=1
/usr/bin/clang   -DCHECK_FUNCTION_EXISTS=remove    CMakeFiles/cmTryCompileExec1989424814.dir/CheckFunctionExists.c.o  -o cmTryCompileExec1989424814 -rdynamic 
make[1]: Leaving directory '/home/neil/Development/openGL/build/CMakeFiles/CMakeTmp'


Determining if the function shmat exists passed with the following output:
Change Dir: /home/neil/Development/openGL/build/CMakeFiles/CMakeTmp

Run Build Command:/usr/bin/make "cmTryCompileExec334038514/fast"
/usr/bin/make -f CMakeFiles/cmTryCompileExec334038514.dir/build.make CMakeFiles/cmTryCompileExec334038514.dir/build
make[1]: Entering directory '/home/neil/Development/openGL/build/CMakeFiles/CMakeTmp'
/usr/bin/cmake -E cmake_progress_report /home/neil/Development/openGL/build/CMakeFiles/CMakeTmp/CMakeFiles 1
Building C object CMakeFiles/cmTryCompileExec334038514.dir/CheckFunctionExists.c.o
/usr/bin/clang   -DCHECK_FUNCTION_EXISTS=shmat   -o CMakeFiles/cmTryCompileExec334038514.dir/CheckFunctionExists.c.o   -c /usr/share/cmake-2.8/Modules/CheckFunctionExists.c
Linking C executable cmTryCompileExec334038514
/usr/bin/cmake -E cmake_link_script CMakeFiles/cmTryCompileExec334038514.dir/link.txt --verbose=1
/usr/bin/clang   -DCHECK_FUNCTION_EXISTS=shmat    CMakeFiles/cmTryCompileExec334038514.dir/CheckFunctionExists.c.o  -o cmTryCompileExec334038514 -rdynamic 
make[1]: Leaving directory '/home/neil/Development/openGL/build/CMakeFiles/CMakeTmp'


Determining if the function IceConnectionNumber exists in the ICE passed with the following output:
Change Dir: /home/neil/Development/openGL/build/CMakeFiles/CMakeTmp

Run Build Command:/usr/bin/make "cmTryCompileExec1522279097/fast"
/usr/bin/make -f CMakeFiles/cmTryCompileExec1522279097.dir/build.make CMakeFiles/cmTryCompileExec1522279097.dir/build
make[1]: Entering directory '/home/neil/Development/openGL/build/CMakeFiles/CMakeTmp'
/usr/bin/cmake -E cmake_progress_report /home/neil/Development/openGL/build/CMakeFiles/CMakeTmp/CMakeFiles 1
Building C object CMakeFiles/cmTryCompileExec1522279097.dir/CheckFunctionExists.c.o
/usr/bin/clang   -DCHECK_FUNCTION_EXISTS=IceConnectionNumber   -o CMakeFiles/cmTryCompileExec1522279097.dir/CheckFunctionExists.c.o   -c /usr/share/cmake-2.8/Modules/CheckFunctionExists.c
Linking C executable cmTryCompileExec1522279097
/usr/bin/cmake -E cmake_link_script CMakeFiles/cmTryCompileExec1522279097.dir/link.txt --verbose=1
/usr/bin/clang   -DCHECK_FUNCTION_EXISTS=IceConnectionNumber    CMakeFiles/cmTryCompileExec1522279097.dir/CheckFunctionExists.c.o  -o cmTryCompileExec1522279097 -rdynamic -lICE 
make[1]: Leaving directory '/home/neil/Development/openGL/build/CMakeFiles/CMakeTmp'


